<?xml version="1.0" encoding="UTF-8"?>
<coverage generated="1669048029707" clover="3.2.0">
  <project timestamp="1669048029707" name="All files">
    <metrics statements="32" coveredstatements="32" conditionals="14" coveredconditionals="14" methods="10" coveredmethods="10" elements="56" coveredelements="56" complexity="0" loc="32" ncloc="32" packages="1" files="4" classes="4"/>
    <file name="character.js" path="C:\Users\Пользователь\Desktop\ajs9.1\src\character.js">
      <metrics statements="20" coveredstatements="20" conditionals="10" coveredconditionals="10" methods="3" coveredmethods="3"/>
      <line num="3" count="14" type="cond" truecount="4" falsecount="0"/>
      <line num="4" count="2" type="stmt"/>
      <line num="6" count="12" type="stmt"/>
      <line num="7" count="12" type="cond" truecount="2" falsecount="0"/>
      <line num="8" count="1" type="stmt"/>
      <line num="10" count="11" type="stmt"/>
      <line num="11" count="11" type="stmt"/>
      <line num="12" count="11" type="stmt"/>
      <line num="13" count="11" type="stmt"/>
      <line num="14" count="11" type="stmt"/>
      <line num="15" count="11" type="stmt"/>
      <line num="19" count="2" type="cond" truecount="2" falsecount="0"/>
      <line num="20" count="1" type="stmt"/>
      <line num="22" count="1" type="stmt"/>
      <line num="23" count="1" type="stmt"/>
      <line num="24" count="1" type="stmt"/>
      <line num="25" count="1" type="stmt"/>
      <line num="29" count="2" type="cond" truecount="2" falsecount="0"/>
      <line num="30" count="1" type="stmt"/>
      <line num="32" count="1" type="stmt"/>
    </file>
    <file name="daemon.js" path="C:\Users\Пользователь\Desktop\ajs9.1\src\daemon.js">
      <metrics statements="1" coveredstatements="1" conditionals="0" coveredconditionals="0" methods="1" coveredmethods="1"/>
      <line num="5" count="3" type="stmt"/>
    </file>
    <file name="magicbaseclass.js" path="C:\Users\Пользователь\Desktop\ajs9.1\src\magicbaseclass.js">
      <metrics statements="10" coveredstatements="10" conditionals="4" coveredconditionals="4" methods="5" coveredmethods="5"/>
      <line num="5" count="6" type="stmt"/>
      <line num="6" count="6" type="stmt"/>
      <line num="10" count="2" type="stmt"/>
      <line num="14" count="2" type="stmt"/>
      <line num="15" count="2" type="cond" truecount="2" falsecount="0"/>
      <line num="16" count="1" type="stmt"/>
      <line num="21" count="2" type="stmt"/>
      <line num="25" count="2" type="stmt"/>
      <line num="26" count="2" type="cond" truecount="2" falsecount="0"/>
      <line num="27" count="1" type="stmt"/>
    </file>
    <file name="magician.js" path="C:\Users\Пользователь\Desktop\ajs9.1\src\magician.js">
      <metrics statements="1" coveredstatements="1" conditionals="0" coveredconditionals="0" methods="1" coveredmethods="1"/>
      <line num="5" count="3" type="stmt"/>
    </file>
  </project>
</coverage>
