{"C:\\Users\\Пользователь\\Desktop\\ajs9.1\\src\\character.js": {"path":"C:\\Users\\Пользователь\\Desktop\\ajs9.1\\src\\character.js","statementMap":{"0":{"start":{"line":3,"column":6},"end":{"line":5,"column":7}},"1":{"start":{"line":4,"column":8},"end":{"line":4,"column":79}},"2":{"start":{"line":6,"column":18},"end":{"line":6,"column":83}},"3":{"start":{"line":7,"column":6},"end":{"line":9,"column":7}},"4":{"start":{"line":8,"column":8},"end":{"line":8,"column":122}},"5":{"start":{"line":10,"column":6},"end":{"line":10,"column":23}},"6":{"start":{"line":11,"column":6},"end":{"line":11,"column":23}},"7":{"start":{"line":12,"column":6},"end":{"line":12,"column":27}},"8":{"start":{"line":13,"column":6},"end":{"line":13,"column":25}},"9":{"start":{"line":14,"column":6},"end":{"line":14,"column":41}},"10":{"start":{"line":15,"column":6},"end":{"line":15,"column":29}},"11":{"start":{"line":19,"column":6},"end":{"line":21,"column":7}},"12":{"start":{"line":20,"column":8},"end":{"line":20,"column":45}},"13":{"start":{"line":22,"column":6},"end":{"line":22,"column":22}},"14":{"start":{"line":23,"column":6},"end":{"line":23,"column":32}},"15":{"start":{"line":24,"column":6},"end":{"line":24,"column":26}},"16":{"start":{"line":25,"column":6},"end":{"line":25,"column":25}},"17":{"start":{"line":29,"column":6},"end":{"line":31,"column":7}},"18":{"start":{"line":30,"column":8},"end":{"line":30,"column":45}},"19":{"start":{"line":32,"column":6},"end":{"line":32,"column":55}}},"fnMap":{"0":{"name":"(anonymous_0)","decl":{"start":{"line":2,"column":4},"end":{"line":2,"column":5}},"loc":{"start":{"line":2,"column":67},"end":{"line":16,"column":5}},"line":2},"1":{"name":"(anonymous_1)","decl":{"start":{"line":18,"column":4},"end":{"line":18,"column":5}},"loc":{"start":{"line":18,"column":14},"end":{"line":26,"column":5}},"line":18},"2":{"name":"(anonymous_2)","decl":{"start":{"line":28,"column":4},"end":{"line":28,"column":5}},"loc":{"start":{"line":28,"column":19},"end":{"line":33,"column":5}},"line":28}},"branchMap":{"0":{"loc":{"start":{"line":3,"column":6},"end":{"line":5,"column":7}},"type":"if","locations":[{"start":{"line":3,"column":6},"end":{"line":5,"column":7}},{"start":{},"end":{}}],"line":3},"1":{"loc":{"start":{"line":3,"column":10},"end":{"line":3,"column":49}},"type":"binary-expr","locations":[{"start":{"line":3,"column":11},"end":{"line":3,"column":26}},{"start":{"line":3,"column":32},"end":{"line":3,"column":48}}],"line":3},"2":{"loc":{"start":{"line":7,"column":6},"end":{"line":9,"column":7}},"type":"if","locations":[{"start":{"line":7,"column":6},"end":{"line":9,"column":7}},{"start":{},"end":{}}],"line":7},"3":{"loc":{"start":{"line":19,"column":6},"end":{"line":21,"column":7}},"type":"if","locations":[{"start":{"line":19,"column":6},"end":{"line":21,"column":7}},{"start":{},"end":{}}],"line":19},"4":{"loc":{"start":{"line":29,"column":6},"end":{"line":31,"column":7}},"type":"if","locations":[{"start":{"line":29,"column":6},"end":{"line":31,"column":7}},{"start":{},"end":{}}],"line":29}},"s":{"0":14,"1":2,"2":12,"3":12,"4":1,"5":11,"6":11,"7":11,"8":11,"9":11,"10":11,"11":2,"12":1,"13":1,"14":1,"15":1,"16":1,"17":2,"18":1,"19":1},"f":{"0":14,"1":2,"2":2},"b":{"0":[2,12],"1":[14,13],"2":[1,11],"3":[1,1],"4":[1,1]},"_coverageSchema":"1a1c01bbd47fc00a2c39e90264f33305004495a9","hash":"5a739d5a65c52e36352a2a41b60c4573ab6b0d7a"}
,"C:\\Users\\Пользователь\\Desktop\\ajs9.1\\src\\daemon.js": {"path":"C:\\Users\\Пользователь\\Desktop\\ajs9.1\\src\\daemon.js","statementMap":{"0":{"start":{"line":5,"column":4},"end":{"line":5,"column":92}}},"fnMap":{"0":{"name":"(anonymous_0)","decl":{"start":{"line":4,"column":2},"end":{"line":4,"column":3}},"loc":{"start":{"line":4,"column":65},"end":{"line":6,"column":3}},"line":4}},"branchMap":{},"s":{"0":3},"f":{"0":3},"b":{},"_coverageSchema":"1a1c01bbd47fc00a2c39e90264f33305004495a9","hash":"3b48087490b4612c11477ede1d9cbf48c0b9c1a2"}
,"C:\\Users\\Пользователь\\Desktop\\ajs9.1\\src\\magicbaseclass.js": {"path":"C:\\Users\\Пользователь\\Desktop\\ajs9.1\\src\\magicbaseclass.js","statementMap":{"0":{"start":{"line":5,"column":4},"end":{"line":5,"column":61}},"1":{"start":{"line":6,"column":4},"end":{"line":6,"column":30}},"2":{"start":{"line":10,"column":4},"end":{"line":10,"column":30}},"3":{"start":{"line":14,"column":4},"end":{"line":14,"column":66}},"4":{"start":{"line":15,"column":4},"end":{"line":17,"column":5}},"5":{"start":{"line":16,"column":6},"end":{"line":16,"column":29}},"6":{"start":{"line":21,"column":4},"end":{"line":21,"column":30}},"7":{"start":{"line":25,"column":4},"end":{"line":25,"column":62}},"8":{"start":{"line":26,"column":4},"end":{"line":28,"column":5}},"9":{"start":{"line":27,"column":6},"end":{"line":27,"column":29}}},"fnMap":{"0":{"name":"(anonymous_0)","decl":{"start":{"line":4,"column":2},"end":{"line":4,"column":3}},"loc":{"start":{"line":4,"column":65},"end":{"line":7,"column":3}},"line":4},"1":{"name":"(anonymous_1)","decl":{"start":{"line":9,"column":2},"end":{"line":9,"column":3}},"loc":{"start":{"line":9,"column":15},"end":{"line":11,"column":3}},"line":9},"2":{"name":"(anonymous_2)","decl":{"start":{"line":13,"column":2},"end":{"line":13,"column":3}},"loc":{"start":{"line":13,"column":19},"end":{"line":18,"column":3}},"line":13},"3":{"name":"(anonymous_3)","decl":{"start":{"line":20,"column":2},"end":{"line":20,"column":3}},"loc":{"start":{"line":20,"column":15},"end":{"line":22,"column":3}},"line":20},"4":{"name":"(anonymous_4)","decl":{"start":{"line":24,"column":2},"end":{"line":24,"column":3}},"loc":{"start":{"line":24,"column":19},"end":{"line":29,"column":3}},"line":24}},"branchMap":{"0":{"loc":{"start":{"line":15,"column":4},"end":{"line":17,"column":5}},"type":"if","locations":[{"start":{"line":15,"column":4},"end":{"line":17,"column":5}},{"start":{},"end":{}}],"line":15},"1":{"loc":{"start":{"line":26,"column":4},"end":{"line":28,"column":5}},"type":"if","locations":[{"start":{"line":26,"column":4},"end":{"line":28,"column":5}},{"start":{},"end":{}}],"line":26}},"s":{"0":6,"1":6,"2":2,"3":2,"4":2,"5":1,"6":2,"7":2,"8":2,"9":1},"f":{"0":6,"1":2,"2":2,"3":2,"4":2},"b":{"0":[1,1],"1":[1,1]},"_coverageSchema":"1a1c01bbd47fc00a2c39e90264f33305004495a9","hash":"ef60b435ac411029cd4afbbaed76074cf589ebe4"}
,"C:\\Users\\Пользователь\\Desktop\\ajs9.1\\src\\magician.js": {"path":"C:\\Users\\Пользователь\\Desktop\\ajs9.1\\src\\magician.js","statementMap":{"0":{"start":{"line":5,"column":4},"end":{"line":5,"column":94}}},"fnMap":{"0":{"name":"(anonymous_0)","decl":{"start":{"line":4,"column":2},"end":{"line":4,"column":3}},"loc":{"start":{"line":4,"column":65},"end":{"line":6,"column":3}},"line":4}},"branchMap":{},"s":{"0":3},"f":{"0":3},"b":{},"_coverageSchema":"1a1c01bbd47fc00a2c39e90264f33305004495a9","hash":"a08b93d7002bf1439a44ae4e31d3740f3759714e"}
}
