TN:
SF:src\character.js
FN:2,(anonymous_0)
FN:18,(anonymous_1)
FN:28,(anonymous_2)
FNF:3
FNH:3
FNDA:14,(anonymous_0)
FNDA:2,(anonymous_1)
FNDA:2,(anonymous_2)
DA:3,14
DA:4,2
DA:6,12
DA:7,12
DA:8,1
DA:10,11
DA:11,11
DA:12,11
DA:13,11
DA:14,11
DA:15,11
DA:19,2
DA:20,1
DA:22,1
DA:23,1
DA:24,1
DA:25,1
DA:29,2
DA:30,1
DA:32,1
LF:20
LH:20
BRDA:3,0,0,2
BRDA:3,0,1,12
BRDA:3,1,0,14
BRDA:3,1,1,13
BRDA:7,2,0,1
BRDA:7,2,1,11
BRDA:19,3,0,1
BRDA:19,3,1,1
BRDA:29,4,0,1
BRDA:29,4,1,1
BRF:10
BRH:10
end_of_record
TN:
SF:src\daemon.js
FN:4,(anonymous_0)
FNF:1
FNH:1
FNDA:3,(anonymous_0)
DA:5,3
LF:1
LH:1
BRF:0
BRH:0
end_of_record
TN:
SF:src\magicbaseclass.js
FN:4,(anonymous_0)
FN:9,(anonymous_1)
FN:13,(anonymous_2)
FN:20,(anonymous_3)
FN:24,(anonymous_4)
FNF:5
FNH:5
FNDA:6,(anonymous_0)
FNDA:2,(anonymous_1)
FNDA:2,(anonymous_2)
FNDA:2,(anonymous_3)
FNDA:2,(anonymous_4)
DA:5,6
DA:6,6
DA:10,2
DA:14,2
DA:15,2
DA:16,1
DA:21,2
DA:25,2
DA:26,2
DA:27,1
LF:10
LH:10
BRDA:15,0,0,1
BRDA:15,0,1,1
BRDA:26,1,0,1
BRDA:26,1,1,1
BRF:4
BRH:4
end_of_record
TN:
SF:src\magician.js
FN:4,(anonymous_0)
FNF:1
FNH:1
FNDA:3,(anonymous_0)
DA:5,3
LF:1
LH:1
BRF:0
BRH:0
end_of_record
